<?xml version="1.0" encoding="UTF-8"?>
<testsuite xmlns:xsi="http://www.w3.org/2001/XMLSchema-instance" xsi:noNamespaceSchemaLocation="https://maven.apache.org/surefire/maven-surefire-plugin/xsd/surefire-test-report.xsd" name="selenium.AppTest" time="43.931" tests="2" errors="2" skipped="0" failures="0">
  <properties>
[...]
</properties>
  <testcase name="shouldAnswerWithTrue" classname="selenium.AppTest" time="23.204">
    <error message="Timed out waiting for driver server to start.&#10;Build info: version: &apos;3.141.59&apos;, revision: &apos;e82be7d358&apos;, time: &apos;2018-11-14T08:17:03&apos;&#10;System info: host: &apos;e3c35e1ceedd&apos;, ip: &apos;172.17.0.5&apos;, os.name: &apos;Linux&apos;, os.arch: &apos;amd64&apos;, os.version: &apos;5.10.76-linuxkit&apos;, java.version: &apos;11.0.14&apos;&#10;Driver info: driver.version: ChromeDriver" type="org.openqa.selenium.WebDriverException">org.openqa.selenium.WebDriverException: 
Timed out waiting for driver server to start.
Build info: version: '3.141.59', revision: 'e82be7d358', time: '2018-11-14T08:17:03'
System info: host: 'e3c35e1ceedd', ip: '172.17.0.5', os.name: 'Linux', os.arch: 'amd64', os.version: '5.10.76-linuxkit', java.version: '11.0.14'
Driver info: driver.version: ChromeDriver
	at selenium.AppTest.setUp(AppTest.java:26)
Caused by: org.openqa.selenium.net.UrlChecker$TimeoutException: Timed out waiting for [http://localhost:20915/status] to be available after 20041 ms
	at selenium.AppTest.setUp(AppTest.java:26)
Caused by: java.util.concurrent.TimeoutException
	at selenium.AppTest.setUp(AppTest.java:26)
</error>
    <system-out><![CDATA[Iniciando configuraciÃ³n...
]]></system-out>
    <system-err><![CDATA[/workspaces/ejemploSeleniumWeb/drivers/chromedriver.exe: 1: .rdatatB/à}D/Î}@@.data8&amp#22;&amp#1;0­B&amp#18;­@À.00cfg&amp#4;P®&amp#2;T­@@.rodata€: not found
/workspaces/ejemploSeleniumWeb/drivers/chromedriver.exe: 1: $&amp#20;‰&amp#31;‹: not found
/workspaces/ejemploSeleniumWeb/drivers/chromedriver.exe: 1: $&amp#28;‰&amp#23;_[Ã‹D$&amp#4;‹L$&amp#8;á&amp#24;ù&amp#24;u&amp#22;¹&amp#15;&amp#1;Ðƒà&amp#6;ƒø&amp#6;u&amp#6;¸&amp#1;Ã¸Ã‹D$&amp#4;‹L$&amp#8;á&amp#16;&amp#24;ù&amp#16;&amp#24;u&amp#22;¹&amp#15;&amp#1;Ðƒà&amp#6;ƒø&amp#6;u&amp#6;¸&amp#1;Ã¸Ã&amp#15;wÃÌÌÌÌÌÌÌÌÌÌÌÌÌÌÌÌÌÌÌÌÌÌÌÌÌÌÌÌÌ€&amp#3;€&amp#1;€&amp#2;€&amp#4;€&amp#7;€&amp#5;€&amp#6;€&amp#2;&amp#3;&amp#1;&amp#6;&amp#7;&amp#4;&amp#5;: not found
/workspaces/ejemploSeleniumWeb/drivers/chromedriver.exe: 1: $&amp#16;‰&amp#7;‹: not found
/workspaces/ejemploSeleniumWeb/drivers/chromedriver.exe: 1: $&amp#24;‹&amp#15;&amp#15;¢‹: not found
/workspaces/ejemploSeleniumWeb/drivers/chromedriver.exe: 1: .tlsÝp®&amp#2;X­@À.voltbl&amp#1;€®&amp#2;Z­.rsrc&amp#4;®&amp#6;­@@.relocÈv&amp#3; ®x&amp#3;b­@BQœœY‰È5: not found
/workspaces/ejemploSeleniumWeb/drivers/chromedriver.exe: 1: $&amp#24;‰&amp#15;‹: not found
/workspaces/ejemploSeleniumWeb/drivers/chromedriver.exe: 2: &amp#11;&amp#8;: not found
/workspaces/ejemploSeleniumWeb/drivers/chromedriver.exe: 3: &amp#11;: not found
/workspaces/ejemploSeleniumWeb/drivers/chromedriver.exe: 1: Ç&amp#15;ùÈ&amp#15;n&amp#20;&amp#17;&amp#15;n&amp#4;3&amp#15;: not found
/workspaces/ejemploSeleniumWeb/drivers/chromedriver.exe: 1: Ç&amp#15;ùÐ&amp#12;Q&amp#28;s&amp#15;n&amp#25;&amp#15;n&amp#3;&amp#15;: not found
/workspaces/ejemploSeleniumWeb/drivers/chromedriver.exe: 1: Ç&amp#15;ùØ&amp#15;n$&amp#17;&amp#15;n&amp#4;3&amp#15;: not found
/workspaces/ejemploSeleniumWeb/drivers/chromedriver.exe: 1: Ç&amp#15;ùà&amp#15;oñ&amp#15;ùÌ&amp#15;ýæ&amp#15;oò&amp#15;ùÓ&amp#15;ýÞ&amp#15;oô&amp#15;ùã&amp#15;ýÞ&amp#15;oé&amp#15;qñ&amp#1;&amp#15;ýÊ&amp#15;qò&amp#1;&amp#15;ùê&amp#15;oÓ&amp#15;iÑ&amp#15;aÙ&amp#15;oÌ&amp#15;iÍ&amp#15;aå&amp#15;oë&amp#15;jì&amp#15;bÜ&amp#15;oâ&amp#15;já&amp#15;bÑ&amp#15;oó&amp#15;ùÜ&amp#15;ýæ&amp#15;oõ&amp#15;ùê&amp#15;ýÖ&amp#15;oô&amp#15;ùâ&amp#15;ýÖ&amp#15;oË&amp#15;qó&amp#1;&amp#15;ýÝ&amp#15;qõ&amp#1;&amp#15;ùÍ&amp#15;oê&amp#15;ië&amp#15;aÓ&amp#15;oÜ&amp#15;iÙ&amp#15;aá&amp#15;oÊ&amp#15;jÌ&amp#15;bÔ&amp#15;oå&amp#15;jã&amp#15;bë&amp#15;&amp#16;&amp#15;H&amp#8;&amp#15;h&amp#16;&amp#15;: not found
/workspaces/ejemploSeleniumWeb/drivers/chromedriver.exe: 1: Ç&amp#15;ýÞ&amp#15;qã&amp#6;&amp#15;íØ&amp#15;gØ&amp#15;~&amp#24;&amp#15;n&amp#4;&amp#26;&amp#15;: not found
/workspaces/ejemploSeleniumWeb/drivers/chromedriver.exe: 1: Ç&amp#15;ýÎ&amp#15;qá&amp#6;&amp#15;íÈ&amp#15;gÈ&amp#15;~&amp#8;&amp#15;n&amp#4;&amp#26;&amp#15;: not found
/workspaces/ejemploSeleniumWeb/drivers/chromedriver.exe: 1: Çó&amp#15;~3f&amp#15;: not found
/workspaces/ejemploSeleniumWeb/drivers/chromedriver.exe: 1: Ïó&amp#15;~43f&amp#15;: not found
/workspaces/ejemploSeleniumWeb/drivers/chromedriver.exe: 1: ×ó&amp#15;~3f&amp#15;: not found
/workspaces/ejemploSeleniumWeb/drivers/chromedriver.exe: 1: ßó&amp#15;~43f&amp#15;: not found
/workspaces/ejemploSeleniumWeb/drivers/chromedriver.exe: 1: cannot open $ÃSV‹D$&amp#16;‹L$&amp#20;‹T$&amp#24;‹$&amp#28;‹t$: Input/output error
/workspaces/ejemploSeleniumWeb/drivers/chromedriver.exe: 4: ýÿÿó&amp#15;pí&amp#27;f&amp#15;ýÕf&amp#15;pê±f&amp#15;Õ—*ýÿÿf&amp#15;Õ¯&amp#26;ýÿÿf&amp#15;ýÕò&amp#15;pè&amp#27;f&amp#15;Õ‡: not found
/workspaces/ejemploSeleniumWeb/drivers/chromedriver.exe: 5: ýÿÿó&amp#15;pí&amp#27;f&amp#15;ýÅf&amp#15;pè±f&amp#15;Õ‡*ýÿÿf&amp#15;Õ¯&amp#26;ýÿÿf&amp#15;ýÅò&amp#15;pë&amp#27;f&amp#15;ÕŸ: not found
/workspaces/ejemploSeleniumWeb/drivers/chromedriver.exe: 6: ýÿÿó&amp#15;pí&amp#27;f&amp#15;ýÝf&amp#15;pë±f&amp#15;ÕŸ*ýÿÿf&amp#15;Õ¯&amp#26;ýÿÿf&amp#15;ýÝò&amp#15;pì&amp#27;f&amp#15;Õ§: not found
/workspaces/ejemploSeleniumWeb/drivers/chromedriver.exe: 7: Syntax error: "(" unexpected
Mar 17, 2022 10:49:48 PM org.openqa.selenium.os.OsProcess checkForError
SEVERE: org.apache.commons.exec.ExecuteException: Process exited with an error: 2 (Exit value: 2)
]]></system-err>
  </testcase>
  <testcase name="testhelloworld" classname="selenium.AppTest" time="20.039">
    <error message="Timed out waiting for driver server to start.&#10;Build info: version: &apos;3.141.59&apos;, revision: &apos;e82be7d358&apos;, time: &apos;2018-11-14T08:17:03&apos;&#10;System info: host: &apos;e3c35e1ceedd&apos;, ip: &apos;172.17.0.5&apos;, os.name: &apos;Linux&apos;, os.arch: &apos;amd64&apos;, os.version: &apos;5.10.76-linuxkit&apos;, java.version: &apos;11.0.14&apos;&#10;Driver info: driver.version: ChromeDriver" type="org.openqa.selenium.WebDriverException">org.openqa.selenium.WebDriverException: 
Timed out waiting for driver server to start.
Build info: version: '3.141.59', revision: 'e82be7d358', time: '2018-11-14T08:17:03'
System info: host: 'e3c35e1ceedd', ip: '172.17.0.5', os.name: 'Linux', os.arch: 'amd64', os.version: '5.10.76-linuxkit', java.version: '11.0.14'
Driver info: driver.version: ChromeDriver
	at selenium.AppTest.setUp(AppTest.java:26)
Caused by: org.openqa.selenium.net.UrlChecker$TimeoutException: Timed out waiting for [http://localhost:20135/status] to be available after 20000 ms
	at selenium.AppTest.setUp(AppTest.java:26)
Caused by: java.util.concurrent.TimeoutException
	at selenium.AppTest.setUp(AppTest.java:26)
</error>
    <system-out><![CDATA[Iniciando configuraciÃ³n...
]]></system-out>
    <system-err><![CDATA[/workspaces/ejemploSeleniumWeb/drivers/chromedriver.exe: 1: .rdatatB/à}D/Î}@@.data8&amp#22;&amp#1;0­B&amp#18;­@À.00cfg&amp#4;P®&amp#2;T­@@.rodata€: not found
/workspaces/ejemploSeleniumWeb/drivers/chromedriver.exe: 1: .tlsÝp®&amp#2;X­@À.voltbl&amp#1;€®&amp#2;Z­.rsrc&amp#4;®&amp#6;­@@.relocÈv&amp#3; ®x&amp#3;b­@BQœœY‰È5: not found
/workspaces/ejemploSeleniumWeb/drivers/chromedriver.exe: 1: $&amp#24;‹&amp#15;&amp#15;¢‹: not found
/workspaces/ejemploSeleniumWeb/drivers/chromedriver.exe: 1: $&amp#16;‰&amp#7;‹: not found
/workspaces/ejemploSeleniumWeb/drivers/chromedriver.exe: 1: $&amp#20;‰&amp#31;‹: not found
/workspaces/ejemploSeleniumWeb/drivers/chromedriver.exe: 1: /workspaces/ejemploSeleniumWeb/drivers/chromedriver.exe: 1: $&amp#28;‰&amp#23;_[Ã‹D$&amp#4;‹L$&amp#8;á&amp#24;ù&amp#24;u&amp#22;¹&amp#15;&amp#1;Ðƒà&amp#6;ƒø&amp#6;u&amp#6;¸&amp#1;Ã¸Ã‹D$&amp#4;‹L$&amp#8;á&amp#16;&amp#24;ù&amp#16;&amp#24;u&amp#22;¹&amp#15;&amp#1;Ðƒà&amp#6;ƒø&amp#6;u&amp#6;¸&amp#1;Ã¸Ã&amp#15;wÃÌÌÌÌÌÌÌÌÌÌÌÌÌÌÌÌÌÌÌÌÌÌÌÌÌÌÌÌÌ€&amp#3;€&amp#1;€&amp#2;€&amp#4;€&amp#7;€&amp#5;€&amp#6;€&amp#2;&amp#3;&amp#1;&amp#6;&amp#7;&amp#4;&amp#5;: not found
$&amp#24;‰&amp#15;‹: not found
/workspaces/ejemploSeleniumWeb/drivers/chromedriver.exe: 2: &amp#11;&amp#8;: not found
/workspaces/ejemploSeleniumWeb/drivers/chromedriver.exe: 3: &amp#11;: not found
/workspaces/ejemploSeleniumWeb/drivers/chromedriver.exe: 1: Ç&amp#15;ùÈ&amp#15;n&amp#20;&amp#17;&amp#15;n&amp#4;3&amp#15;: not found
/workspaces/ejemploSeleniumWeb/drivers/chromedriver.exe: 1: Ç&amp#15;ùÐ&amp#12;Q&amp#28;s&amp#15;n&amp#25;&amp#15;n&amp#3;&amp#15;: not found
/workspaces/ejemploSeleniumWeb/drivers/chromedriver.exe: 1: Ç&amp#15;ùØ&amp#15;n$&amp#17;&amp#15;n&amp#4;3&amp#15;: not found
/workspaces/ejemploSeleniumWeb/drivers/chromedriver.exe: 1: Ç&amp#15;ùà&amp#15;oñ&amp#15;ùÌ&amp#15;ýæ&amp#15;oò&amp#15;ùÓ&amp#15;ýÞ&amp#15;oô&amp#15;ùã&amp#15;ýÞ&amp#15;oé&amp#15;qñ&amp#1;&amp#15;ýÊ&amp#15;qò&amp#1;&amp#15;ùê&amp#15;oÓ&amp#15;iÑ&amp#15;aÙ&amp#15;oÌ&amp#15;iÍ&amp#15;aå&amp#15;oë&amp#15;jì&amp#15;bÜ&amp#15;oâ&amp#15;já&amp#15;bÑ&amp#15;oó&amp#15;ùÜ&amp#15;ýæ&amp#15;oõ&amp#15;ùê&amp#15;ýÖ&amp#15;oô&amp#15;ùâ&amp#15;ýÖ&amp#15;oË&amp#15;qó&amp#1;&amp#15;ýÝ&amp#15;qõ&amp#1;&amp#15;ùÍ&amp#15;oê&amp#15;ië&amp#15;aÓ&amp#15;oÜ&amp#15;iÙ&amp#15;aá&amp#15;oÊ&amp#15;jÌ&amp#15;bÔ&amp#15;oå&amp#15;jã&amp#15;bë&amp#15;&amp#16;&amp#15;H&amp#8;&amp#15;h&amp#16;&amp#15;: not found
/workspaces/ejemploSeleniumWeb/drivers/chromedriver.exe: 1: Ç&amp#15;ýÞ&amp#15;qã&amp#6;&amp#15;íØ&amp#15;gØ&amp#15;~&amp#24;&amp#15;n&amp#4;&amp#26;&amp#15;: not found
/workspaces/ejemploSeleniumWeb/drivers/chromedriver.exe: 1: Ç&amp#15;ýÎ&amp#15;qá&amp#6;&amp#15;íÈ&amp#15;gÈ&amp#15;~&amp#8;&amp#15;n&amp#4;&amp#26;&amp#15;: not found
/workspaces/ejemploSeleniumWeb/drivers/chromedriver.exe: 1: Çó&amp#15;~3f&amp#15;: not found
/workspaces/ejemploSeleniumWeb/drivers/chromedriver.exe: 1: Ïó&amp#15;~43f&amp#15;: not found
/workspaces/ejemploSeleniumWeb/drivers/chromedriver.exe: 1: ×ó&amp#15;~3f&amp#15;: not found
/workspaces/ejemploSeleniumWeb/drivers/chromedriver.exe: 1: ßó&amp#15;~43f&amp#15;: not found
/workspaces/ejemploSeleniumWeb/drivers/chromedriver.exe: 1: cannot open $ÃSV‹D$&amp#16;‹L$&amp#20;‹T$&amp#24;‹$&amp#28;‹t$: Input/output error
/workspaces/ejemploSeleniumWeb/drivers/chromedriver.exe: 4: ýÿÿó&amp#15;pí&amp#27;f&amp#15;ýÕf&amp#15;pê±f&amp#15;Õ—*ýÿÿf&amp#15;Õ¯&amp#26;ýÿÿf&amp#15;ýÕò&amp#15;pè&amp#27;f&amp#15;Õ‡: not found
/workspaces/ejemploSeleniumWeb/drivers/chromedriver.exe: 5: ýÿÿó&amp#15;pí&amp#27;f&amp#15;ýÅf&amp#15;pè±f&amp#15;Õ‡*ýÿÿf&amp#15;Õ¯&amp#26;ýÿÿf&amp#15;ýÅò&amp#15;pë&amp#27;f&amp#15;ÕŸ: not found
/workspaces/ejemploSeleniumWeb/drivers/chromedriver.exe: 6: ýÿÿó&amp#15;pí&amp#27;f&amp#15;ýÝf&amp#15;pë±f&amp#15;ÕŸ*ýÿÿf&amp#15;Õ¯&amp#26;ýÿÿf&amp#15;ýÝò&amp#15;pì&amp#27;f&amp#15;Õ§: not found
/workspaces/ejemploSeleniumWeb/drivers/chromedriver.exe: 7: Syntax error: "(" unexpected
Mar 17, 2022 10:50:08 PM org.openqa.selenium.os.OsProcess checkForError
SEVERE: org.apache.commons.exec.ExecuteException: Process exited with an error: 2 (Exit value: 2)
]]></system-err>
  </testcase>
</testsuite>